<?xml version="1.0" encoding="UTF-8"?>
<testExecutions version="1">
    <file path="/home/rakesh/Documents/sona_javascript/coverage/src/test/index.test.js">
        <testCase name="Get Endpoints Get" duration="35"/>
    </file>
</testExecutions>